<?xml version="1.0" encoding="UTF-8"?>
<TestRun id="180d5a58-4c7f-4e3f-9c1f-7ee6f6a1b790" name="Bas@BAS-PC 2013-06-25 01:22:43" runUser="Bas-PC\Bas" xmlns="http://microsoft.com/schemas/VisualStudio/TeamTest/2010">
  <TestSettings name="Local" id="2aa66af6-b3b9-40d6-82a8-b5cc062499d2">
    <Description>These are default test settings for a local test run.</Description>
    <Deployment runDeploymentRoot="Bas_BAS-PC 2013-06-25 01_22_43">
      <DeploymentItem filename="C:\Users\Bas\Desktop\Softwaretesting\edu.3725154.SoftwareTesting\Adresboek\Adresboek\bin\Debug\Adresboek.exe" />
    </Deployment>
    <Execution>
      <TestTypeSpecific>
        <UnitTestRunConfig testTypeId="13cdc9d9-ddb5-4fa4-a97d-d965ccfc6d4b">
          <AssemblyResolution>
            <TestDirectory useLoadContext="true" />
          </AssemblyResolution>
        </UnitTestRunConfig>
        <WebTestRunConfiguration testTypeId="4e7599fa-5ecb-43e9-a887-cd63cf72d207">
          <Browser name="Internet Explorer 7.0">
            <Headers>
              <Header name="User-Agent" value="Mozilla/4.0 (compatible; MSIE 7.0; Windows NT 5.1)" />
              <Header name="Accept" value="*/*" />
              <Header name="Accept-Language" value="{{$IEAcceptLanguage}}" />
              <Header name="Accept-Encoding" value="GZIP" />
            </Headers>
          </Browser>
        </WebTestRunConfiguration>
      </TestTypeSpecific>
      <AgentRule name="LocalMachineDefaultRole">
        <DataCollectors>
          <DataCollector uri="datacollector://microsoft/CodeCoverage/1.0" assemblyQualifiedName="Microsoft.VisualStudio.TestTools.CodeCoverage.CoveragePlugIn, Microsoft.VisualStudio.QualityTools.Plugins.CodeCoverage, Version=10.0.0.0, Culture=neutral, PublicKeyToken=b03f5f7f11d50a3a" friendlyName="Code Coverage">
            <Configuration>
              <CodeCoverage xmlns="">
                <Regular>
                  <CodeCoverageItem binaryFile="C:\Users\Bas\Desktop\Softwaretesting\edu.3725154.SoftwareTesting\Adresboek\Adresboek\bin\Debug\Adresboek.exe" pdbFile="C:\Users\Bas\Desktop\Softwaretesting\edu.3725154.SoftwareTesting\Adresboek\Adresboek\bin\Debug\Adresboek.instr.pdb" instrumentInPlace="true" />
                </Regular>
              </CodeCoverage>
            </Configuration>
          </DataCollector>
        </DataCollectors>
      </AgentRule>
    </Execution>
  </TestSettings>
  <Times creation="2013-06-25T01:22:43.3488192+02:00" queuing="2013-06-25T01:22:44.2748722+02:00" start="2013-06-25T01:22:44.3108742+02:00" finish="2013-06-25T01:23:13.3325342+02:00" />
  <ResultSummary outcome="Aborted">
    <Counters total="1" executed="1" error="0" failed="0" timeout="0" aborted="1" inconclusive="0" passedButRunAborted="0" notRunnable="0" notExecuted="0" disconnected="0" warning="0" passed="0" completed="0" inProgress="0" pending="0" />
    <RunInfos>
      <RunInfo computerName="BAS-PC" outcome="Warning" timestamp="2013-06-25T01:23:13.4315398+02:00">
        <Text>Code coverage in-place instrumentation: The binary C:\Users\Bas\Desktop\Softwaretesting\edu.3725154.SoftwareTesting\Adresboek\Adresboek\bin\Debug\Adresboek.exe was changed during the test run and won't be restored. It may be restored manually from this directory: C:\Users\Bas\Desktop\Softwaretesting\edu.3725154.SoftwareTesting\Adresboek\Adresboek\bin\Debug\EQT_180d5a58-4c7f-4e3f-9c1f-7ee6f6a1b790.</Text>
      </RunInfo>
      <RunInfo computerName="BAS-PC" outcome="Warning" timestamp="2013-06-25T01:23:13.4315398+02:00">
        <Text>Code coverage in-place instrumentation: One or more binaries in 'C:\Users\Bas\Desktop\Softwaretesting\edu.3725154.SoftwareTesting\Adresboek\Adresboek\bin\Debug' were not restored.
They can be restored manually by running the file 'eqtrestore_180d5a58-4c7f-4e3f-9c1f-7ee6f6a1b790.bat' in this directory.</Text>
      </RunInfo>
    </RunInfos>
    <ResultFiles>
      <ResultFile path="BAS-PC\data.coverage" />
    </ResultFiles>
  </ResultSummary>
  <TestDefinitions>
    <UnitTest name="CodedUITestMethod1" storage="c:\users\bas\desktop\softwaretesting\edu.3725154.softwaretesting\adresboek\adresboektest\bin\debug\adresboektest.dll" id="9e45fa99-f7e8-43cd-28ed-ddad3abd6b97">
      <Execution id="8f4c08ef-ece1-40d0-9077-dbf9aa64067f" />
      <TestMethod codeBase="C:/Users/Bas/Desktop/Softwaretesting/edu.3725154.SoftwareTesting/Adresboek/AdresboekTest/bin/Debug/AdresboekTest.DLL" adapterTypeName="Microsoft.VisualStudio.TestTools.TestTypes.Unit.UnitTestAdapter, Microsoft.VisualStudio.QualityTools.Tips.UnitTest.Adapter, Version=10.0.0.0, Culture=neutral, PublicKeyToken=b03f5f7f11d50a3a" className="AdresboekTest.CodedUITest1, AdresboekTest, Version=1.0.0.0, Culture=neutral, PublicKeyToken=null" name="CodedUITestMethod1" />
      <Extension>Microsoft.VisualStudio.TestTools.UITesting.CodedUITestAttribute, Microsoft.VisualStudio.QualityTools.CodedUITestFramework, Version=10.0.0.0, Culture=neutral, PublicKeyToken=b03f5f7f11d50a3a</Extension>
    </UnitTest>
  </TestDefinitions>
  <TestLists>
    <TestList name="Results Not in a List" id="8c84fa94-04c1-424b-9868-57a2d4851a1d" />
    <TestList name="All Loaded Results" id="19431567-8539-422a-85d7-44ee4e166bda" />
  </TestLists>
  <TestEntries>
    <TestEntry testId="9e45fa99-f7e8-43cd-28ed-ddad3abd6b97" executionId="8f4c08ef-ece1-40d0-9077-dbf9aa64067f" testListId="8c84fa94-04c1-424b-9868-57a2d4851a1d" />
  </TestEntries>
  <Results>
    <UnitTestResult executionId="8f4c08ef-ece1-40d0-9077-dbf9aa64067f" testId="9e45fa99-f7e8-43cd-28ed-ddad3abd6b97" testName="CodedUITestMethod1" computerName="BAS-PC" duration="00:00:26.0524901" startTime="2013-06-25T01:22:44.9519109+02:00" endTime="2013-06-25T01:23:11.0044010+02:00" testType="13cdc9d9-ddb5-4fa4-a97d-d965ccfc6d4b" outcome="Aborted" testListId="8c84fa94-04c1-424b-9868-57a2d4851a1d" relativeResultsDirectory="8f4c08ef-ece1-40d0-9077-dbf9aa64067f">
      <Output>
        <DebugTrace>W, 4072, 15, 2013/06/25, 01:22:49.867, 51889004564, QTAgent32.exe, Playback - [WARNING] Internal warning: Window Not Found: [VisibleOnly]ControlType='Window' &amp;&amp; Name='Adressbook manager' &amp;&amp; ClassName=&gt;'WindowsForms10.Window'
\0
E, 4072, 15, 2013/06/25, 01:22:49.868, 51889006700, QTAgent32.exe, &lt;a class=failure&gt;Playback - {1} [FAILED] Function ElementFetcher::FindScreenElement failed to locate UI element (Searching: ;[VisibleOnly]ControlType='Window' &amp;&amp; Name='Adressbook manager' &amp;&amp; ClassName=&gt;'WindowsForms10.Window') (Het opgegeven object is niet gevonden.)
\0&lt;/a&gt;
E, 4072, 15, 2013/06/25, 01:22:49.937, 51889207814, QTAgent32.exe, Playback - [IMAGE] C:\Users\Bas\AppData\Local\Temp\UITestLogs\LastRun\RPFDC30.png
\0
W, 4072, 15, 2013/06/25, 01:22:49.937, 51889208193, QTAgent32.exe, Playback - [WARNING] Internal warning: Couldn't find descendants that match QueryId
\0
W, 4072, 15, 2013/06/25, 01:22:49.937, 51889209218, QTAgent32.exe, PERF WARNING: FindTopLevelWindowHelper::FindAllDescendents: took 601 ms. Expected it to take maximum 500 ms.
W, 4072, 15, 2013/06/25, 01:23:08.043, 51942131518, QTAgent32.exe, Playback - [WARNING] Internal warning: Window Not Found: [VisibleOnly]ControlType='Window' &amp;&amp; Name='Adressbook manager' &amp;&amp; ClassName=&gt;'WindowsForms10.Window'
\0
E, 4072, 15, 2013/06/25, 01:23:08.043, 51942132084, QTAgent32.exe, &lt;a class=failure&gt;Playback - {2} [FAILED] Function ElementFetcher::FindScreenElement failed to locate UI element (Searching: ;[VisibleOnly]ControlType='Window' &amp;&amp; Name='Adressbook manager' &amp;&amp; ClassName=&gt;'WindowsForms10.Window') (Het opgegeven object is niet gevonden.)
\0&lt;/a&gt;
E, 4072, 15, 2013/06/25, 01:23:08.106, 51942316814, QTAgent32.exe, Playback - [IMAGE] C:\Users\Bas\AppData\Local\Temp\UITestLogs\LastRun\RPF232F.png
\0
W, 4072, 15, 2013/06/25, 01:23:08.106, 51942317328, QTAgent32.exe, Playback - [WARNING] Internal warning: Couldn't find descendants that match QueryId
\0
W, 4072, 15, 2013/06/25, 01:23:08.106, 51942317914, QTAgent32.exe, PERF WARNING: FindTopLevelWindowHelper::FindAllDescendents: took 18167 ms. Expected it to take maximum 500 ms.
W, 4072, 15, 2013/06/25, 01:23:08.708, 51944076944, QTAgent32.exe, Playback - [WARNING] Internal warning: Smart Match failed
\0
W, 4072, 15, 2013/06/25, 01:23:09.000, 51944929099, QTAgent32.exe, Playback - [WARNING] Internal warning: Smart Match failed
\0
W, 4072, 15, 2013/06/25, 01:23:09.295, 51945792266, QTAgent32.exe, Playback - [WARNING] Internal warning: Smart Match failed
\0
W, 4072, 15, 2013/06/25, 01:23:09.609, 51946711668, QTAgent32.exe, Playback - [WARNING] Internal warning: Smart Match failed
\0
W, 4072, 15, 2013/06/25, 01:23:09.907, 51947581605, QTAgent32.exe, Playback - [WARNING] Internal warning: Smart Match failed
\0
W, 4072, 15, 2013/06/25, 01:23:10.202, 51948443589, QTAgent32.exe, Playback - [WARNING] Internal warning: Smart Match failed
\0
W, 4072, 15, 2013/06/25, 01:23:10.500, 51949314098, QTAgent32.exe, Playback - [WARNING] Internal warning: Smart Match failed
\0
W, 4072, 15, 2013/06/25, 01:23:10.797, 51950184648, QTAgent32.exe, Playback - [WARNING] Internal warning: Smart Match failed
\0
</DebugTrace>
        <ErrorInfo>
          <Message>User aborted test run.</Message>
        </ErrorInfo>
      </Output>
      <ResultFiles>
        <ResultFile path="BAS-PC\CodedUITestMethod1.png" />
      </ResultFiles>
    </UnitTestResult>
  </Results>
</TestRun>